<?xml version="1.0" encoding="UTF-8"?>
<!-- Generated by org.testng.reporters.JUnitReportReporter -->
<testsuite hostname="DESKTOP-RCEDN8I" failures="0" tests="4" name="TestScenario.Testmethod" time="11.091" errors="0" timestamp="2023-04-09T21:44:32 EET" skipped="0">
  <testcase classname="TestScenario.Testmethod" name="searchoperation" time="6.932"/>
  <system-out/>
  <testcase classname="TestScenario.Testmethod" name="chooselanguage" time="4.093"/>
  <system-out/>
  <testcase classname="TestScenario.Testmethod" name="accesslesson" time="0.044"/>
  <system-out/>
  <testcase classname="TestScenario.Testmethod" name="worksheetSection" time="0.022"/>
  <system-out/>
</testsuite> <!-- TestScenario.Testmethod -->
